-------------------------------------------------------------------------------
Test set: TestSuite
-------------------------------------------------------------------------------
Tests run: 2, Failures: 1, Errors: 0, Skipped: 0, Time elapsed: 91.018 s <<< FAILURE! - in TestSuite
TC_02(com.plefs.gpr.script.US_241573)  Time elapsed: 1.895 s  <<< FAILURE!
java.lang.AssertionError: null
	at com.plefs.gpr.script.US_241573.TC_02(US_241573.java:151)

