<?xml version="1.0" encoding="UTF-8"?>
<testsuite xmlns:xsi="http://www.w3.org/2001/XMLSchema-instance" xsi:noNamespaceSchemaLocation="https://maven.apache.org/surefire/maven-surefire-plugin/xsd/surefire-test-report.xsd" name="TestSuite" time="91.018" tests="2" errors="0" skipped="0" failures="1">
  <properties>
[...]
</properties>
  <testcase name="TC_01" classname="com.plefs.gpr.script.US_241573" time="4.278"/>
  <testcase name="TC_02" classname="com.plefs.gpr.script.US_241573" time="1.895">
    <failure type="java.lang.AssertionError:">java.lang.AssertionError: null
	at com.plefs.gpr.script.US_241573.TC_02(US_241573.java:151)
</failure>
    <system-out><![CDATA[INFO [US_241573]: Executing the Test Case No. TC_02
WARN [Backend]: Skipped Test Case No. TC_02
INFO [US_241573]: Execution is completed for Test Case No.TC_02
INFO [US_241573]: ------------------------------------------------------------------
]]></system-out>
  </testcase>
</testsuite>