<?xml version="1.0" encoding="UTF-8"?>
<!-- Generated by org.testng.reporters.JUnitXMLReporter -->
<testsuite hostname="DELL" name="US 241573" tests="2" failures="1" timestamp="11 Nov 2018 17:18:04 GMT" time="71.433" errors="0">
  <testcase name="TC_01" time="4.277" classname="com.plefs.gpr.script.US_241573"/>
  <testcase name="TC_02" time="0.451" classname="com.plefs.gpr.script.US_241573">
    <failure type="java.lang.AssertionError" message="null">
      <![CDATA[java.lang.AssertionError: null
	at com.plefs.gpr.backends.Backend.displaySkipException(Backend.java:291)
	at com.plefs.gpr.script.US_241573.TC_02(US_241573.java:151)
... Removed 30 stack frames]]>
    </failure>
  </testcase> <!-- TC_02 -->
</testsuite> <!-- US 241573 -->
